{"C:\\Users\\Sanch\\OneDrive\\Documents\\GitHub\\Proyecto-Software-2025\\Comedor\\client\\src\\components\\ErrorBoundary.jsx": {"path":"C:\\Users\\Sanch\\OneDrive\\Documents\\GitHub\\Proyecto-Software-2025\\Comedor\\client\\src\\components\\ErrorBoundary.jsx","statementMap":{"0":{"start":{"line":11,"column":8},"end":{"line":11,"column":null}},"1":{"start":{"line":16,"column":8},"end":{"line":19,"column":null}},"2":{"start":{"line":23,"column":8},"end":{"line":167,"column":null}},"3":{"start":{"line":25,"column":12},"end":{"line":164,"column":null}},"4":{"start":{"line":37,"column":47},"end":{"line":37,"column":null}},"5":{"start":{"line":44,"column":47},"end":{"line":44,"column":null}},"6":{"start":{"line":169,"column":8},"end":{"line":169,"column":null}},"7":{"start":{"line":5,"column":8},"end":{"line":5,"column":null}},"8":{"start":{"line":6,"column":8},"end":{"line":6,"column":null}}},"fnMap":{"0":{"name":"(anonymous_0)","decl":{"start":{"line":9,"column":11},"end":{"line":9,"column":38}},"loc":{"start":{"line":9,"column":38},"end":{"line":12,"column":null}},"line":9},"1":{"name":"(anonymous_1)","decl":{"start":{"line":14,"column":4},"end":{"line":14,"column":22}},"loc":{"start":{"line":14,"column":40},"end":{"line":20,"column":null}},"line":14},"2":{"name":"(anonymous_2)","decl":{"start":{"line":22,"column":4},"end":{"line":22,"column":13}},"loc":{"start":{"line":22,"column":13},"end":{"line":170,"column":null}},"line":22},"3":{"name":"(anonymous_3)","decl":{"start":{"line":37,"column":41},"end":{"line":37,"column":47}},"loc":{"start":{"line":37,"column":47},"end":{"line":37,"column":null}},"line":37},"4":{"name":"(anonymous_4)","decl":{"start":{"line":44,"column":41},"end":{"line":44,"column":47}},"loc":{"start":{"line":44,"column":47},"end":{"line":44,"column":null}},"line":44},"5":{"name":"(anonymous_5)","decl":{"start":{"line":4,"column":4},"end":{"line":4,"column":16}},"loc":{"start":{"line":4,"column":23},"end":{"line":7,"column":null}},"line":4}},"branchMap":{"0":{"loc":{"start":{"line":23,"column":8},"end":{"line":167,"column":null}},"type":"if","locations":[{"start":{"line":23,"column":8},"end":{"line":167,"column":null}},{"start":{},"end":{}}],"line":23},"1":{"loc":{"start":{"line":54,"column":57},"end":{"line":54,"column":null}},"type":"binary-expr","locations":[{"start":{"line":54,"column":57},"end":{"line":54,"column":73}},{"start":{"line":54,"column":77},"end":{"line":54,"column":null}}],"line":54},"2":{"loc":{"start":{"line":56,"column":61},"end":{"line":56,"column":null}},"type":"binary-expr","locations":[{"start":{"line":56,"column":61},"end":{"line":56,"column":81}},{"start":{"line":56,"column":85},"end":{"line":56,"column":null}}],"line":56}},"s":{"0":12,"1":6,"2":32,"3":19,"4":0,"5":1,"6":13,"7":12,"8":12},"f":{"0":1,"1":6,"2":32,"3":0,"4":1,"5":12},"b":{"0":[19,13],"1":[19,7],"2":[19,7]},"meta":{"lastBranch":3,"lastFunction":6,"lastStatement":9,"seen":{"f:9:11:9:38":0,"s:11:8:11:Infinity":0,"f:14:4:14:22":1,"s:16:8:19:Infinity":1,"f:22:4:22:13":2,"b:23:8:167:Infinity:undefined:undefined:undefined:undefined":0,"s:23:8:167:Infinity":2,"s:25:12:164:Infinity":3,"f:37:41:37:47":3,"s:37:47:37:Infinity":4,"f:44:41:44:47":4,"s:44:47:44:Infinity":5,"b:54:57:54:73:54:77:54:Infinity":1,"b:56:61:56:81:56:85:56:Infinity":2,"s:169:8:169:Infinity":6,"f:4:4:4:16":5,"s:5:8:5:Infinity":7,"s:6:8:6:Infinity":8}}}
,"C:\\Users\\Sanch\\OneDrive\\Documents\\GitHub\\Proyecto-Software-2025\\Comedor\\client\\src\\components\\Navbar.jsx": {"path":"C:\\Users\\Sanch\\OneDrive\\Documents\\GitHub\\Proyecto-Software-2025\\Comedor\\client\\src\\components\\Navbar.jsx","statementMap":{"0":{"start":{"line":6,"column":15},"end":{"line":121,"column":null}},"1":{"start":{"line":7,"column":24},"end":{"line":7,"column":null}},"2":{"start":{"line":8,"column":39},"end":{"line":8,"column":null}},"3":{"start":{"line":9,"column":51},"end":{"line":9,"column":null}},"4":{"start":{"line":10,"column":8},"end":{"line":10,"column":null}},"5":{"start":{"line":13,"column":2},"end":{"line":24,"column":null}},"6":{"start":{"line":14,"column":31},"end":{"line":18,"column":null}},"7":{"start":{"line":15,"column":6},"end":{"line":17,"column":null}},"8":{"start":{"line":16,"column":8},"end":{"line":16,"column":null}},"9":{"start":{"line":20,"column":4},"end":{"line":20,"column":null}},"10":{"start":{"line":21,"column":4},"end":{"line":23,"column":null}},"11":{"start":{"line":22,"column":6},"end":{"line":22,"column":null}},"12":{"start":{"line":26,"column":23},"end":{"line":39,"column":null}},"13":{"start":{"line":28,"column":22},"end":{"line":32,"column":null}},"14":{"start":{"line":35,"column":4},"end":{"line":37,"column":null}},"15":{"start":{"line":36,"column":6},"end":{"line":36,"column":null}},"16":{"start":{"line":41,"column":25},"end":{"line":43,"column":null}},"17":{"start":{"line":42,"column":4},"end":{"line":42,"column":null}},"18":{"start":{"line":45,"column":31},"end":{"line":48,"column":null}},"19":{"start":{"line":46,"column":4},"end":{"line":46,"column":null}},"20":{"start":{"line":47,"column":4},"end":{"line":47,"column":null}},"21":{"start":{"line":50,"column":2},"end":{"line":116,"column":null}},"22":{"start":{"line":113,"column":25},"end":{"line":113,"column":null}},"23":{"start":{"line":115,"column":12},"end":{"line":115,"column":null}}},"fnMap":{"0":{"name":"(anonymous_0)","decl":{"start":{"line":6,"column":15},"end":{"line":6,"column":16}},"loc":{"start":{"line":6,"column":53},"end":{"line":121,"column":null}},"line":6},"1":{"name":"(anonymous_1)","decl":{"start":{"line":13,"column":12},"end":{"line":13,"column":null}},"loc":{"start":{"line":13,"column":12},"end":{"line":24,"column":5}},"line":13},"2":{"name":"(anonymous_2)","decl":{"start":{"line":14,"column":31},"end":{"line":14,"column":32}},"loc":{"start":{"line":14,"column":32},"end":{"line":18,"column":null}},"line":14},"3":{"name":"(anonymous_3)","decl":{"start":{"line":21,"column":11},"end":{"line":21,"column":null}},"loc":{"start":{"line":21,"column":11},"end":{"line":23,"column":null}},"line":21},"4":{"name":"(anonymous_4)","decl":{"start":{"line":26,"column":23},"end":{"line":26,"column":null}},"loc":{"start":{"line":26,"column":23},"end":{"line":39,"column":null}},"line":26},"5":{"name":"(anonymous_5)","decl":{"start":{"line":41,"column":25},"end":{"line":41,"column":null}},"loc":{"start":{"line":41,"column":25},"end":{"line":43,"column":null}},"line":41},"6":{"name":"(anonymous_6)","decl":{"start":{"line":45,"column":31},"end":{"line":45,"column":null}},"loc":{"start":{"line":45,"column":31},"end":{"line":48,"column":null}},"line":45},"7":{"name":"(anonymous_7)","decl":{"start":{"line":113,"column":19},"end":{"line":113,"column":25}},"loc":{"start":{"line":113,"column":25},"end":{"line":113,"column":null}},"line":113},"8":{"name":"(anonymous_8)","decl":{"start":{"line":114,"column":21},"end":{"line":114,"column":null}},"loc":{"start":{"line":114,"column":21},"end":{"line":116,"column":null}},"line":114}},"branchMap":{"0":{"loc":{"start":{"line":15,"column":6},"end":{"line":17,"column":null}},"type":"if","locations":[{"start":{"line":15,"column":6},"end":{"line":17,"column":null}},{"start":{},"end":{}}],"line":15},"1":{"loc":{"start":{"line":15,"column":10},"end":{"line":15,"column":78}},"type":"binary-expr","locations":[{"start":{"line":15,"column":10},"end":{"line":15,"column":29}},{"start":{"line":15,"column":33},"end":{"line":15,"column":78}}],"line":15},"2":{"loc":{"start":{"line":35,"column":4},"end":{"line":37,"column":null}},"type":"if","locations":[{"start":{"line":35,"column":4},"end":{"line":37,"column":null}},{"start":{},"end":{}}],"line":35},"3":{"loc":{"start":{"line":54,"column":10},"end":{"line":54,"column":null}},"type":"cond-expr","locations":[{"start":{"line":54,"column":29},"end":{"line":54,"column":51}},{"start":{"line":54,"column":51},"end":{"line":54,"column":null}}],"line":54},"4":{"loc":{"start":{"line":72,"column":21},"end":{"line":72,"column":null}},"type":"binary-expr","locations":[{"start":{"line":72,"column":21},"end":{"line":72,"column":38}},{"start":{"line":72,"column":38},"end":{"line":72,"column":54}},{"start":{"line":72,"column":54},"end":{"line":72,"column":null}}],"line":72},"5":{"loc":{"start":{"line":76,"column":22},"end":{"line":76,"column":null}},"type":"cond-expr","locations":[{"start":{"line":76,"column":37},"end":{"line":76,"column":48}},{"start":{"line":76,"column":48},"end":{"line":76,"column":null}}],"line":76},"6":{"loc":{"start":{"line":82,"column":15},"end":{"line":100,"column":null}},"type":"binary-expr","locations":[{"start":{"line":82,"column":15},"end":{"line":82,"column":null}},{"start":{"line":82,"column":15},"end":{"line":100,"column":null}}],"line":82},"7":{"loc":{"start":{"line":111,"column":7},"end":{"line":116,"column":null}},"type":"binary-expr","locations":[{"start":{"line":111,"column":7},"end":{"line":111,"column":null}},{"start":{"line":111,"column":7},"end":{"line":116,"column":null}}],"line":111}},"s":{"0":1,"1":10,"2":10,"3":10,"4":10,"5":10,"6":9,"7":4,"8":4,"9":9,"10":9,"11":9,"12":10,"13":0,"14":0,"15":0,"16":10,"17":0,"18":10,"19":0,"20":0,"21":10,"22":0,"23":0},"f":{"0":10,"1":9,"2":4,"3":9,"4":0,"5":0,"6":0,"7":0,"8":0},"b":{"0":[4,0],"1":[4,4],"2":[0,0],"3":[1,9],"4":[10,10,0],"5":[0,10],"6":[10,0],"7":[10,0]},"meta":{"lastBranch":8,"lastFunction":9,"lastStatement":24,"seen":{"s:6:15:121:Infinity":0,"f:6:15:6:16":0,"s:7:24:7:Infinity":1,"s:8:39:8:Infinity":2,"s:9:51:9:Infinity":3,"s:10:8:10:Infinity":4,"s:13:2:24:Infinity":5,"f:13:12:13:Infinity":1,"s:14:31:18:Infinity":6,"f:14:31:14:32":2,"b:15:6:17:Infinity:undefined:undefined:undefined:undefined":0,"s:15:6:17:Infinity":7,"b:15:10:15:29:15:33:15:78":1,"s:16:8:16:Infinity":8,"s:20:4:20:Infinity":9,"s:21:4:23:Infinity":10,"f:21:11:21:Infinity":3,"s:22:6:22:Infinity":11,"s:26:23:39:Infinity":12,"f:26:23:26:Infinity":4,"s:28:22:32:Infinity":13,"b:35:4:37:Infinity:undefined:undefined:undefined:undefined":2,"s:35:4:37:Infinity":14,"s:36:6:36:Infinity":15,"s:41:25:43:Infinity":16,"f:41:25:41:Infinity":5,"s:42:4:42:Infinity":17,"s:45:31:48:Infinity":18,"f:45:31:45:Infinity":6,"s:46:4:46:Infinity":19,"s:47:4:47:Infinity":20,"s:50:2:116:Infinity":21,"b:54:29:54:51:54:51:54:Infinity":3,"b:72:21:72:38:72:38:72:54:72:54:72:Infinity":4,"b:76:37:76:48:76:48:76:Infinity":5,"b:82:15:82:Infinity:82:15:100:Infinity":6,"b:111:7:111:Infinity:111:7:116:Infinity":7,"f:113:19:113:25":7,"s:113:25:113:Infinity":22,"f:114:21:114:Infinity":8,"s:115:12:115:Infinity":23}}}
,"C:\\Users\\Sanch\\OneDrive\\Documents\\GitHub\\Proyecto-Software-2025\\Comedor\\client\\src\\components\\ProtectedRoute.jsx": {"path":"C:\\Users\\Sanch\\OneDrive\\Documents\\GitHub\\Proyecto-Software-2025\\Comedor\\client\\src\\components\\ProtectedRoute.jsx","statementMap":{"0":{"start":{"line":4,"column":23},"end":{"line":68,"column":null}},"1":{"start":{"line":10,"column":44},"end":{"line":10,"column":null}},"2":{"start":{"line":13,"column":4},"end":{"line":15,"column":null}},"3":{"start":{"line":14,"column":8},"end":{"line":14,"column":null}},"4":{"start":{"line":18,"column":4},"end":{"line":29,"column":null}},"5":{"start":{"line":19,"column":8},"end":{"line":25,"column":null}},"6":{"start":{"line":32,"column":4},"end":{"line":34,"column":null}},"7":{"start":{"line":33,"column":8},"end":{"line":33,"column":null}},"8":{"start":{"line":37,"column":21},"end":{"line":37,"column":null}},"9":{"start":{"line":38,"column":4},"end":{"line":50,"column":null}},"10":{"start":{"line":39,"column":8},"end":{"line":46,"column":null}},"11":{"start":{"line":53,"column":4},"end":{"line":65,"column":null}},"12":{"start":{"line":54,"column":8},"end":{"line":61,"column":null}},"13":{"start":{"line":67,"column":4},"end":{"line":67,"column":null}}},"fnMap":{"0":{"name":"(anonymous_0)","decl":{"start":{"line":4,"column":23},"end":{"line":4,"column":24}},"loc":{"start":{"line":9,"column":1},"end":{"line":68,"column":null}},"line":9}},"branchMap":{"0":{"loc":{"start":{"line":6,"column":4},"end":{"line":6,"column":23}},"type":"default-arg","locations":[{"start":{"line":6,"column":19},"end":{"line":6,"column":23}}],"line":6},"1":{"loc":{"start":{"line":7,"column":4},"end":{"line":7,"column":23}},"type":"default-arg","locations":[{"start":{"line":7,"column":19},"end":{"line":7,"column":23}}],"line":7},"2":{"loc":{"start":{"line":8,"column":4},"end":{"line":8,"column":22}},"type":"default-arg","locations":[{"start":{"line":8,"column":18},"end":{"line":8,"column":22}}],"line":8},"3":{"loc":{"start":{"line":13,"column":4},"end":{"line":15,"column":null}},"type":"if","locations":[{"start":{"line":13,"column":4},"end":{"line":15,"column":null}},{"start":{},"end":{}}],"line":13},"4":{"loc":{"start":{"line":18,"column":4},"end":{"line":29,"column":null}},"type":"if","locations":[{"start":{"line":18,"column":4},"end":{"line":29,"column":null}},{"start":{},"end":{}}],"line":18},"5":{"loc":{"start":{"line":32,"column":4},"end":{"line":34,"column":null}},"type":"if","locations":[{"start":{"line":32,"column":4},"end":{"line":34,"column":null}},{"start":{},"end":{}}],"line":32},"6":{"loc":{"start":{"line":37,"column":21},"end":{"line":37,"column":null}},"type":"binary-expr","locations":[{"start":{"line":37,"column":21},"end":{"line":37,"column":34}},{"start":{"line":37,"column":34},"end":{"line":37,"column":null}}],"line":37},"7":{"loc":{"start":{"line":38,"column":4},"end":{"line":50,"column":null}},"type":"if","locations":[{"start":{"line":38,"column":4},"end":{"line":50,"column":null}},{"start":{},"end":{}}],"line":38},"8":{"loc":{"start":{"line":38,"column":8},"end":{"line":38,"column":51}},"type":"binary-expr","locations":[{"start":{"line":38,"column":8},"end":{"line":38,"column":24}},{"start":{"line":38,"column":24},"end":{"line":38,"column":51}}],"line":38},"9":{"loc":{"start":{"line":53,"column":4},"end":{"line":65,"column":null}},"type":"if","locations":[{"start":{"line":53,"column":4},"end":{"line":65,"column":null}},{"start":{},"end":{}}],"line":53},"10":{"loc":{"start":{"line":53,"column":8},"end":{"line":53,"column":58}},"type":"binary-expr","locations":[{"start":{"line":53,"column":8},"end":{"line":53,"column":24}},{"start":{"line":53,"column":24},"end":{"line":53,"column":58}}],"line":53}},"s":{"0":1,"1":8,"2":8,"3":1,"4":7,"5":2,"6":5,"7":1,"8":4,"9":8,"10":0,"11":4,"12":0,"13":4},"f":{"0":8},"b":{"0":[8],"1":[8],"2":[8],"3":[1,7],"4":[2,5],"5":[1,4],"6":[4,1],"7":[0,8],"8":[8,2],"9":[0,4],"10":[4,1]},"meta":{"lastBranch":11,"lastFunction":1,"lastStatement":14,"seen":{"s:4:23:68:Infinity":0,"f:4:23:4:24":0,"b:6:19:6:23":0,"b:7:19:7:23":1,"b:8:18:8:22":2,"s:10:44:10:Infinity":1,"b:13:4:15:Infinity:undefined:undefined:undefined:undefined":3,"s:13:4:15:Infinity":2,"s:14:8:14:Infinity":3,"b:18:4:29:Infinity:undefined:undefined:undefined:undefined":4,"s:18:4:29:Infinity":4,"s:19:8:25:Infinity":5,"b:32:4:34:Infinity:undefined:undefined:undefined:undefined":5,"s:32:4:34:Infinity":6,"s:33:8:33:Infinity":7,"s:37:21:37:Infinity":8,"b:37:21:37:34:37:34:37:Infinity":6,"b:38:4:50:Infinity:undefined:undefined:undefined:undefined":7,"s:38:4:50:Infinity":9,"b:38:8:38:24:38:24:38:51":8,"s:39:8:46:Infinity":10,"b:53:4:65:Infinity:undefined:undefined:undefined:undefined":9,"s:53:4:65:Infinity":11,"b:53:8:53:24:53:24:53:58":10,"s:54:8:61:Infinity":12,"s:67:4:67:Infinity":13}}}
,"C:\\Users\\Sanch\\OneDrive\\Documents\\GitHub\\Proyecto-Software-2025\\Comedor\\client\\src\\components\\auth\\ChangePassword.jsx": {"path":"C:\\Users\\Sanch\\OneDrive\\Documents\\GitHub\\Proyecto-Software-2025\\Comedor\\client\\src\\components\\auth\\ChangePassword.jsx","statementMap":{"0":{"start":{"line":5,"column":31},"end":{"line":9,"column":null}},"1":{"start":{"line":10,"column":29},"end":{"line":10,"column":null}},"2":{"start":{"line":11,"column":29},"end":{"line":11,"column":null}},"3":{"start":{"line":12,"column":29},"end":{"line":12,"column":null}},"4":{"start":{"line":14,"column":28},"end":{"line":25,"column":null}},"5":{"start":{"line":15,"column":28},"end":{"line":15,"column":36}},"6":{"start":{"line":16,"column":4},"end":{"line":19,"column":null}},"7":{"start":{"line":16,"column":27},"end":{"line":19,"column":null}},"8":{"start":{"line":21,"column":4},"end":{"line":24,"column":null}},"9":{"start":{"line":22,"column":6},"end":{"line":22,"column":null}},"10":{"start":{"line":23,"column":6},"end":{"line":23,"column":null}},"11":{"start":{"line":27,"column":23},"end":{"line":59,"column":null}},"12":{"start":{"line":28,"column":4},"end":{"line":32,"column":null}},"13":{"start":{"line":29,"column":6},"end":{"line":29,"column":null}},"14":{"start":{"line":30,"column":6},"end":{"line":30,"column":null}},"15":{"start":{"line":31,"column":6},"end":{"line":31,"column":null}},"16":{"start":{"line":34,"column":4},"end":{"line":38,"column":null}},"17":{"start":{"line":35,"column":6},"end":{"line":35,"column":null}},"18":{"start":{"line":36,"column":6},"end":{"line":36,"column":null}},"19":{"start":{"line":37,"column":6},"end":{"line":37,"column":null}},"20":{"start":{"line":40,"column":4},"end":{"line":44,"column":null}},"21":{"start":{"line":41,"column":6},"end":{"line":41,"column":null}},"22":{"start":{"line":42,"column":6},"end":{"line":42,"column":null}},"23":{"start":{"line":43,"column":6},"end":{"line":43,"column":null}},"24":{"start":{"line":46,"column":4},"end":{"line":50,"column":null}},"25":{"start":{"line":47,"column":6},"end":{"line":47,"column":null}},"26":{"start":{"line":48,"column":6},"end":{"line":48,"column":null}},"27":{"start":{"line":49,"column":6},"end":{"line":49,"column":null}},"28":{"start":{"line":52,"column":4},"end":{"line":56,"column":null}},"29":{"start":{"line":53,"column":6},"end":{"line":53,"column":null}},"30":{"start":{"line":54,"column":6},"end":{"line":54,"column":null}},"31":{"start":{"line":55,"column":6},"end":{"line":55,"column":null}},"32":{"start":{"line":58,"column":4},"end":{"line":58,"column":null}},"33":{"start":{"line":61,"column":23},"end":{"line":105,"column":null}},"34":{"start":{"line":62,"column":4},"end":{"line":62,"column":null}},"35":{"start":{"line":64,"column":4},"end":{"line":64,"column":null}},"36":{"start":{"line":64,"column":25},"end":{"line":64,"column":null}},"37":{"start":{"line":66,"column":4},"end":{"line":66,"column":null}},"38":{"start":{"line":67,"column":4},"end":{"line":67,"column":null}},"39":{"start":{"line":68,"column":4},"end":{"line":68,"column":null}},"40":{"start":{"line":70,"column":4},"end":{"line":104,"column":null}},"41":{"start":{"line":71,"column":20},"end":{"line":71,"column":null}},"42":{"start":{"line":72,"column":23},"end":{"line":84,"column":null}},"43":{"start":{"line":87,"column":19},"end":{"line":87,"column":null}},"44":{"start":{"line":89,"column":6},"end":{"line":98,"column":null}},"45":{"start":{"line":90,"column":8},"end":{"line":90,"column":null}},"46":{"start":{"line":91,"column":8},"end":{"line":91,"column":null}},"47":{"start":{"line":92,"column":8},"end":{"line":94,"column":null}},"48":{"start":{"line":93,"column":10},"end":{"line":93,"column":null}},"49":{"start":{"line":96,"column":8},"end":{"line":96,"column":null}},"50":{"start":{"line":97,"column":8},"end":{"line":97,"column":null}},"51":{"start":{"line":100,"column":6},"end":{"line":100,"column":null}},"52":{"start":{"line":101,"column":6},"end":{"line":101,"column":null}},"53":{"start":{"line":103,"column":6},"end":{"line":103,"column":null}},"54":{"start":{"line":107,"column":2},"end":{"line":177,"column":null}}},"fnMap":{"0":{"name":"ChangePassword","decl":{"start":{"line":4,"column":16},"end":{"line":4,"column":31}},"loc":{"start":{"line":4,"column":53},"end":{"line":185,"column":null}},"line":4},"1":{"name":"(anonymous_1)","decl":{"start":{"line":14,"column":28},"end":{"line":14,"column":29}},"loc":{"start":{"line":14,"column":29},"end":{"line":25,"column":null}},"line":14},"2":{"name":"(anonymous_2)","decl":{"start":{"line":16,"column":16},"end":{"line":16,"column":17}},"loc":{"start":{"line":16,"column":27},"end":{"line":19,"column":null}},"line":16},"3":{"name":"(anonymous_3)","decl":{"start":{"line":27,"column":23},"end":{"line":27,"column":null}},"loc":{"start":{"line":27,"column":23},"end":{"line":59,"column":null}},"line":27},"4":{"name":"(anonymous_4)","decl":{"start":{"line":61,"column":23},"end":{"line":61,"column":30}},"loc":{"start":{"line":61,"column":30},"end":{"line":105,"column":null}},"line":61},"5":{"name":"(anonymous_5)","decl":{"start":{"line":92,"column":19},"end":{"line":92,"column":null}},"loc":{"start":{"line":92,"column":19},"end":{"line":94,"column":11}},"line":92}},"branchMap":{"0":{"loc":{"start":{"line":21,"column":4},"end":{"line":24,"column":null}},"type":"if","locations":[{"start":{"line":21,"column":4},"end":{"line":24,"column":null}},{"start":{},"end":{}}],"line":21},"1":{"loc":{"start":{"line":28,"column":4},"end":{"line":32,"column":null}},"type":"if","locations":[{"start":{"line":28,"column":4},"end":{"line":32,"column":null}},{"start":{},"end":{}}],"line":28},"2":{"loc":{"start":{"line":34,"column":4},"end":{"line":38,"column":null}},"type":"if","locations":[{"start":{"line":34,"column":4},"end":{"line":38,"column":null}},{"start":{},"end":{}}],"line":34},"3":{"loc":{"start":{"line":40,"column":4},"end":{"line":44,"column":null}},"type":"if","locations":[{"start":{"line":40,"column":4},"end":{"line":44,"column":null}},{"start":{},"end":{}}],"line":40},"4":{"loc":{"start":{"line":46,"column":4},"end":{"line":50,"column":null}},"type":"if","locations":[{"start":{"line":46,"column":4},"end":{"line":50,"column":null}},{"start":{},"end":{}}],"line":46},"5":{"loc":{"start":{"line":52,"column":4},"end":{"line":56,"column":null}},"type":"if","locations":[{"start":{"line":52,"column":4},"end":{"line":56,"column":null}},{"start":{},"end":{}}],"line":52},"6":{"loc":{"start":{"line":64,"column":4},"end":{"line":64,"column":null}},"type":"if","locations":[{"start":{"line":64,"column":4},"end":{"line":64,"column":null}},{"start":{},"end":{}}],"line":64},"7":{"loc":{"start":{"line":89,"column":6},"end":{"line":98,"column":null}},"type":"if","locations":[{"start":{"line":89,"column":6},"end":{"line":98,"column":null}},{"start":{"line":95,"column":13},"end":{"line":98,"column":null}}],"line":89},"8":{"loc":{"start":{"line":96,"column":19},"end":{"line":96,"column":null}},"type":"binary-expr","locations":[{"start":{"line":96,"column":19},"end":{"line":96,"column":31}},{"start":{"line":96,"column":35},"end":{"line":96,"column":null}}],"line":96},"9":{"loc":{"start":{"line":157,"column":11},"end":{"line":159,"column":null}},"type":"binary-expr","locations":[{"start":{"line":157,"column":11},"end":{"line":157,"column":null}},{"start":{"line":157,"column":11},"end":{"line":159,"column":null}}],"line":157},"10":{"loc":{"start":{"line":158,"column":39},"end":{"line":158,"column":70}},"type":"cond-expr","locations":[{"start":{"line":158,"column":49},"end":{"line":158,"column":59}},{"start":{"line":158,"column":59},"end":{"line":158,"column":70}}],"line":158},"11":{"loc":{"start":{"line":169,"column":15},"end":{"line":169,"column":null}},"type":"cond-expr","locations":[{"start":{"line":169,"column":25},"end":{"line":169,"column":42}},{"start":{"line":169,"column":42},"end":{"line":169,"column":null}}],"line":169}},"s":{"0":102,"1":102,"2":102,"3":102,"4":102,"5":90,"6":90,"7":90,"8":90,"9":1,"10":1,"11":102,"12":5,"13":2,"14":2,"15":2,"16":3,"17":0,"18":0,"19":0,"20":3,"21":1,"22":1,"23":1,"24":2,"25":1,"26":1,"27":1,"28":1,"29":1,"30":1,"31":1,"32":0,"33":102,"34":5,"35":5,"36":5,"37":0,"38":0,"39":0,"40":0,"41":0,"42":0,"43":0,"44":0,"45":0,"46":0,"47":0,"48":0,"49":0,"50":0,"51":0,"52":0,"53":0,"54":102},"f":{"0":102,"1":90,"2":90,"3":5,"4":5,"5":0},"b":{"0":[1,89],"1":[2,3],"2":[0,3],"3":[1,2],"4":[1,1],"5":[1,0],"6":[5,0],"7":[0,0],"8":[0,0],"9":[102,5],"10":[5,0],"11":[0,102]},"meta":{"lastBranch":12,"lastFunction":6,"lastStatement":55,"seen":{"f:4:16:4:31":0,"s:5:31:9:Infinity":0,"s:10:29:10:Infinity":1,"s:11:29:11:Infinity":2,"s:12:29:12:Infinity":3,"s:14:28:25:Infinity":4,"f:14:28:14:29":1,"s:15:28:15:36":5,"s:16:4:19:Infinity":6,"f:16:16:16:17":2,"s:16:27:19:Infinity":7,"b:21:4:24:Infinity:undefined:undefined:undefined:undefined":0,"s:21:4:24:Infinity":8,"s:22:6:22:Infinity":9,"s:23:6:23:Infinity":10,"s:27:23:59:Infinity":11,"f:27:23:27:Infinity":3,"b:28:4:32:Infinity:undefined:undefined:undefined:undefined":1,"s:28:4:32:Infinity":12,"s:29:6:29:Infinity":13,"s:30:6:30:Infinity":14,"s:31:6:31:Infinity":15,"b:34:4:38:Infinity:undefined:undefined:undefined:undefined":2,"s:34:4:38:Infinity":16,"s:35:6:35:Infinity":17,"s:36:6:36:Infinity":18,"s:37:6:37:Infinity":19,"b:40:4:44:Infinity:undefined:undefined:undefined:undefined":3,"s:40:4:44:Infinity":20,"s:41:6:41:Infinity":21,"s:42:6:42:Infinity":22,"s:43:6:43:Infinity":23,"b:46:4:50:Infinity:undefined:undefined:undefined:undefined":4,"s:46:4:50:Infinity":24,"s:47:6:47:Infinity":25,"s:48:6:48:Infinity":26,"s:49:6:49:Infinity":27,"b:52:4:56:Infinity:undefined:undefined:undefined:undefined":5,"s:52:4:56:Infinity":28,"s:53:6:53:Infinity":29,"s:54:6:54:Infinity":30,"s:55:6:55:Infinity":31,"s:58:4:58:Infinity":32,"s:61:23:105:Infinity":33,"f:61:23:61:30":4,"s:62:4:62:Infinity":34,"b:64:4:64:Infinity:undefined:undefined:undefined:undefined":6,"s:64:4:64:Infinity":35,"s:64:25:64:Infinity":36,"s:66:4:66:Infinity":37,"s:67:4:67:Infinity":38,"s:68:4:68:Infinity":39,"s:70:4:104:Infinity":40,"s:71:20:71:Infinity":41,"s:72:23:84:Infinity":42,"s:87:19:87:Infinity":43,"b:89:6:98:Infinity:95:13:98:Infinity":7,"s:89:6:98:Infinity":44,"s:90:8:90:Infinity":45,"s:91:8:91:Infinity":46,"s:92:8:94:Infinity":47,"f:92:19:92:Infinity":5,"s:93:10:93:Infinity":48,"s:96:8:96:Infinity":49,"b:96:19:96:31:96:35:96:Infinity":8,"s:97:8:97:Infinity":50,"s:100:6:100:Infinity":51,"s:101:6:101:Infinity":52,"s:103:6:103:Infinity":53,"s:107:2:177:Infinity":54,"b:157:11:157:Infinity:157:11:159:Infinity":9,"b:158:49:158:59:158:59:158:70":10,"b:169:25:169:42:169:42:169:Infinity":11}}}
,"C:\\Users\\Sanch\\OneDrive\\Documents\\GitHub\\Proyecto-Software-2025\\Comedor\\client\\src\\components\\auth\\ForgotPassword.jsx": {"path":"C:\\Users\\Sanch\\OneDrive\\Documents\\GitHub\\Proyecto-Software-2025\\Comedor\\client\\src\\components\\auth\\ForgotPassword.jsx","statementMap":{"0":{"start":{"line":5,"column":33},"end":{"line":7,"column":null}},"1":{"start":{"line":8,"column":31},"end":{"line":8,"column":null}},"2":{"start":{"line":9,"column":31},"end":{"line":9,"column":null}},"3":{"start":{"line":10,"column":31},"end":{"line":10,"column":null}},"4":{"start":{"line":12,"column":30},"end":{"line":23,"column":null}},"5":{"start":{"line":13,"column":32},"end":{"line":13,"column":40}},"6":{"start":{"line":14,"column":8},"end":{"line":17,"column":null}},"7":{"start":{"line":14,"column":29},"end":{"line":17,"column":null}},"8":{"start":{"line":19,"column":8},"end":{"line":22,"column":null}},"9":{"start":{"line":20,"column":12},"end":{"line":20,"column":null}},"10":{"start":{"line":21,"column":12},"end":{"line":21,"column":null}},"11":{"start":{"line":25,"column":25},"end":{"line":65,"column":null}},"12":{"start":{"line":26,"column":8},"end":{"line":26,"column":null}},"13":{"start":{"line":28,"column":8},"end":{"line":32,"column":null}},"14":{"start":{"line":29,"column":12},"end":{"line":29,"column":null}},"15":{"start":{"line":30,"column":12},"end":{"line":30,"column":null}},"16":{"start":{"line":31,"column":12},"end":{"line":31,"column":null}},"17":{"start":{"line":34,"column":8},"end":{"line":34,"column":null}},"18":{"start":{"line":35,"column":8},"end":{"line":35,"column":null}},"19":{"start":{"line":36,"column":8},"end":{"line":36,"column":null}},"20":{"start":{"line":38,"column":8},"end":{"line":64,"column":null}},"21":{"start":{"line":39,"column":29},"end":{"line":47,"column":null}},"22":{"start":{"line":49,"column":25},"end":{"line":49,"column":null}},"23":{"start":{"line":51,"column":12},"end":{"line":58,"column":null}},"24":{"start":{"line":52,"column":16},"end":{"line":52,"column":null}},"25":{"start":{"line":53,"column":16},"end":{"line":53,"column":null}},"26":{"start":{"line":54,"column":16},"end":{"line":54,"column":null}},"27":{"start":{"line":56,"column":16},"end":{"line":56,"column":null}},"28":{"start":{"line":57,"column":16},"end":{"line":57,"column":null}},"29":{"start":{"line":60,"column":12},"end":{"line":60,"column":null}},"30":{"start":{"line":61,"column":12},"end":{"line":61,"column":null}},"31":{"start":{"line":63,"column":12},"end":{"line":63,"column":null}},"32":{"start":{"line":67,"column":4},"end":{"line":109,"column":null}}},"fnMap":{"0":{"name":"ForgotPassword","decl":{"start":{"line":4,"column":16},"end":{"line":4,"column":31}},"loc":{"start":{"line":4,"column":41},"end":{"line":117,"column":null}},"line":4},"1":{"name":"(anonymous_1)","decl":{"start":{"line":12,"column":30},"end":{"line":12,"column":31}},"loc":{"start":{"line":12,"column":31},"end":{"line":23,"column":null}},"line":12},"2":{"name":"(anonymous_2)","decl":{"start":{"line":14,"column":20},"end":{"line":14,"column":29}},"loc":{"start":{"line":14,"column":29},"end":{"line":17,"column":null}},"line":14},"3":{"name":"(anonymous_3)","decl":{"start":{"line":25,"column":25},"end":{"line":25,"column":32}},"loc":{"start":{"line":25,"column":32},"end":{"line":65,"column":null}},"line":25}},"branchMap":{"0":{"loc":{"start":{"line":19,"column":8},"end":{"line":22,"column":null}},"type":"if","locations":[{"start":{"line":19,"column":8},"end":{"line":22,"column":null}},{"start":{},"end":{}}],"line":19},"1":{"loc":{"start":{"line":28,"column":8},"end":{"line":32,"column":null}},"type":"if","locations":[{"start":{"line":28,"column":8},"end":{"line":32,"column":null}},{"start":{},"end":{}}],"line":28},"2":{"loc":{"start":{"line":51,"column":12},"end":{"line":58,"column":null}},"type":"if","locations":[{"start":{"line":51,"column":12},"end":{"line":58,"column":null}},{"start":{"line":55,"column":19},"end":{"line":58,"column":null}}],"line":51},"3":{"loc":{"start":{"line":56,"column":27},"end":{"line":56,"column":null}},"type":"binary-expr","locations":[{"start":{"line":56,"column":27},"end":{"line":56,"column":39}},{"start":{"line":56,"column":43},"end":{"line":56,"column":null}}],"line":56},"4":{"loc":{"start":{"line":89,"column":21},"end":{"line":91,"column":null}},"type":"binary-expr","locations":[{"start":{"line":89,"column":21},"end":{"line":89,"column":null}},{"start":{"line":89,"column":21},"end":{"line":91,"column":null}}],"line":89},"5":{"loc":{"start":{"line":90,"column":51},"end":{"line":90,"column":82}},"type":"cond-expr","locations":[{"start":{"line":90,"column":61},"end":{"line":90,"column":71}},{"start":{"line":90,"column":71},"end":{"line":90,"column":82}}],"line":90},"6":{"loc":{"start":{"line":101,"column":29},"end":{"line":101,"column":null}},"type":"cond-expr","locations":[{"start":{"line":101,"column":39},"end":{"line":101,"column":55}},{"start":{"line":101,"column":55},"end":{"line":101,"column":null}}],"line":101}},"s":{"0":38,"1":38,"2":38,"3":38,"4":38,"5":27,"6":27,"7":27,"8":27,"9":1,"10":1,"11":38,"12":3,"13":3,"14":2,"15":2,"16":2,"17":1,"18":1,"19":1,"20":1,"21":1,"22":1,"23":1,"24":1,"25":1,"26":1,"27":0,"28":0,"29":0,"30":0,"31":1,"32":38},"f":{"0":38,"1":27,"2":27,"3":3},"b":{"0":[1,26],"1":[2,1],"2":[1,0],"3":[0,0],"4":[38,3],"5":[2,1],"6":[1,37]},"meta":{"lastBranch":7,"lastFunction":4,"lastStatement":33,"seen":{"f:4:16:4:31":0,"s:5:33:7:Infinity":0,"s:8:31:8:Infinity":1,"s:9:31:9:Infinity":2,"s:10:31:10:Infinity":3,"s:12:30:23:Infinity":4,"f:12:30:12:31":1,"s:13:32:13:40":5,"s:14:8:17:Infinity":6,"f:14:20:14:29":2,"s:14:29:17:Infinity":7,"b:19:8:22:Infinity:undefined:undefined:undefined:undefined":0,"s:19:8:22:Infinity":8,"s:20:12:20:Infinity":9,"s:21:12:21:Infinity":10,"s:25:25:65:Infinity":11,"f:25:25:25:32":3,"s:26:8:26:Infinity":12,"b:28:8:32:Infinity:undefined:undefined:undefined:undefined":1,"s:28:8:32:Infinity":13,"s:29:12:29:Infinity":14,"s:30:12:30:Infinity":15,"s:31:12:31:Infinity":16,"s:34:8:34:Infinity":17,"s:35:8:35:Infinity":18,"s:36:8:36:Infinity":19,"s:38:8:64:Infinity":20,"s:39:29:47:Infinity":21,"s:49:25:49:Infinity":22,"b:51:12:58:Infinity:55:19:58:Infinity":2,"s:51:12:58:Infinity":23,"s:52:16:52:Infinity":24,"s:53:16:53:Infinity":25,"s:54:16:54:Infinity":26,"s:56:16:56:Infinity":27,"b:56:27:56:39:56:43:56:Infinity":3,"s:57:16:57:Infinity":28,"s:60:12:60:Infinity":29,"s:61:12:61:Infinity":30,"s:63:12:63:Infinity":31,"s:67:4:109:Infinity":32,"b:89:21:89:Infinity:89:21:91:Infinity":4,"b:90:61:90:71:90:71:90:82":5,"b:101:39:101:55:101:55:101:Infinity":6}}}
,"C:\\Users\\Sanch\\OneDrive\\Documents\\GitHub\\Proyecto-Software-2025\\Comedor\\client\\src\\pages\\auth\\Login.jsx": {"path":"C:\\Users\\Sanch\\OneDrive\\Documents\\GitHub\\Proyecto-Software-2025\\Comedor\\client\\src\\pages\\auth\\Login.jsx","statementMap":{"0":{"start":{"line":7,"column":14},"end":{"line":221,"column":null}},"1":{"start":{"line":8,"column":8},"end":{"line":8,"column":null}},"2":{"start":{"line":9,"column":56},"end":{"line":9,"column":null}},"3":{"start":{"line":11,"column":31},"end":{"line":14,"column":null}},"4":{"start":{"line":15,"column":29},"end":{"line":15,"column":null}},"5":{"start":{"line":16,"column":25},"end":{"line":16,"column":null}},"6":{"start":{"line":17,"column":51},"end":{"line":17,"column":null}},"7":{"start":{"line":18,"column":51},"end":{"line":18,"column":null}},"8":{"start":{"line":21,"column":2},"end":{"line":25,"column":null}},"9":{"start":{"line":22,"column":4},"end":{"line":24,"column":null}},"10":{"start":{"line":23,"column":6},"end":{"line":23,"column":null}},"11":{"start":{"line":27,"column":23},"end":{"line":35,"column":null}},"12":{"start":{"line":28,"column":28},"end":{"line":28,"column":36}},"13":{"start":{"line":29,"column":4},"end":{"line":32,"column":null}},"14":{"start":{"line":29,"column":27},"end":{"line":32,"column":null}},"15":{"start":{"line":34,"column":4},"end":{"line":34,"column":null}},"16":{"start":{"line":34,"column":15},"end":{"line":34,"column":null}},"17":{"start":{"line":37,"column":23},"end":{"line":79,"column":null}},"18":{"start":{"line":38,"column":4},"end":{"line":38,"column":null}},"19":{"start":{"line":39,"column":4},"end":{"line":39,"column":null}},"20":{"start":{"line":40,"column":4},"end":{"line":40,"column":null}},"21":{"start":{"line":43,"column":4},"end":{"line":47,"column":null}},"22":{"start":{"line":44,"column":6},"end":{"line":44,"column":null}},"23":{"start":{"line":45,"column":6},"end":{"line":45,"column":null}},"24":{"start":{"line":46,"column":6},"end":{"line":46,"column":null}},"25":{"start":{"line":49,"column":4},"end":{"line":53,"column":null}},"26":{"start":{"line":50,"column":6},"end":{"line":50,"column":null}},"27":{"start":{"line":51,"column":6},"end":{"line":51,"column":null}},"28":{"start":{"line":52,"column":6},"end":{"line":52,"column":null}},"29":{"start":{"line":55,"column":4},"end":{"line":78,"column":null}},"30":{"start":{"line":56,"column":19},"end":{"line":56,"column":null}},"31":{"start":{"line":59,"column":23},"end":{"line":59,"column":50}},"32":{"start":{"line":60,"column":6},"end":{"line":73,"column":null}},"33":{"start":{"line":61,"column":8},"end":{"line":61,"column":null}},"34":{"start":{"line":62,"column":13},"end":{"line":73,"column":null}},"35":{"start":{"line":67,"column":8},"end":{"line":67,"column":null}},"36":{"start":{"line":68,"column":13},"end":{"line":73,"column":null}},"37":{"start":{"line":69,"column":8},"end":{"line":69,"column":null}},"38":{"start":{"line":72,"column":8},"end":{"line":72,"column":null}},"39":{"start":{"line":75,"column":6},"end":{"line":75,"column":null}},"40":{"start":{"line":77,"column":6},"end":{"line":77,"column":null}},"41":{"start":{"line":81,"column":2},"end":{"line":216,"column":null}},"42":{"start":{"line":103,"column":33},"end":{"line":103,"column":null}},"43":{"start":{"line":185,"column":31},"end":{"line":185,"column":null}},"44":{"start":{"line":205,"column":38},"end":{"line":205,"column":null}},"45":{"start":{"line":211,"column":25},"end":{"line":211,"column":null}},"46":{"start":{"line":213,"column":12},"end":{"line":213,"column":null}}},"fnMap":{"0":{"name":"(anonymous_0)","decl":{"start":{"line":7,"column":14},"end":{"line":7,"column":null}},"loc":{"start":{"line":7,"column":14},"end":{"line":221,"column":null}},"line":7},"1":{"name":"(anonymous_1)","decl":{"start":{"line":21,"column":12},"end":{"line":21,"column":null}},"loc":{"start":{"line":21,"column":12},"end":{"line":25,"column":5}},"line":21},"2":{"name":"(anonymous_2)","decl":{"start":{"line":27,"column":23},"end":{"line":27,"column":24}},"loc":{"start":{"line":27,"column":24},"end":{"line":35,"column":null}},"line":27},"3":{"name":"(anonymous_3)","decl":{"start":{"line":29,"column":16},"end":{"line":29,"column":17}},"loc":{"start":{"line":29,"column":27},"end":{"line":32,"column":null}},"line":29},"4":{"name":"(anonymous_4)","decl":{"start":{"line":37,"column":23},"end":{"line":37,"column":30}},"loc":{"start":{"line":37,"column":30},"end":{"line":79,"column":null}},"line":37},"5":{"name":"(anonymous_5)","decl":{"start":{"line":103,"column":27},"end":{"line":103,"column":33}},"loc":{"start":{"line":103,"column":33},"end":{"line":103,"column":null}},"line":103},"6":{"name":"(anonymous_6)","decl":{"start":{"line":185,"column":25},"end":{"line":185,"column":31}},"loc":{"start":{"line":185,"column":31},"end":{"line":185,"column":null}},"line":185},"7":{"name":"(anonymous_7)","decl":{"start":{"line":205,"column":32},"end":{"line":205,"column":38}},"loc":{"start":{"line":205,"column":38},"end":{"line":205,"column":null}},"line":205},"8":{"name":"(anonymous_8)","decl":{"start":{"line":211,"column":19},"end":{"line":211,"column":25}},"loc":{"start":{"line":211,"column":25},"end":{"line":211,"column":null}},"line":211},"9":{"name":"(anonymous_9)","decl":{"start":{"line":212,"column":21},"end":{"line":212,"column":null}},"loc":{"start":{"line":212,"column":21},"end":{"line":216,"column":null}},"line":212}},"branchMap":{"0":{"loc":{"start":{"line":22,"column":4},"end":{"line":24,"column":null}},"type":"if","locations":[{"start":{"line":22,"column":4},"end":{"line":24,"column":null}},{"start":{},"end":{}}],"line":22},"1":{"loc":{"start":{"line":22,"column":8},"end":{"line":22,"column":41}},"type":"binary-expr","locations":[{"start":{"line":22,"column":8},"end":{"line":22,"column":27}},{"start":{"line":22,"column":27},"end":{"line":22,"column":41}}],"line":22},"2":{"loc":{"start":{"line":34,"column":4},"end":{"line":34,"column":null}},"type":"if","locations":[{"start":{"line":34,"column":4},"end":{"line":34,"column":null}},{"start":{},"end":{}}],"line":34},"3":{"loc":{"start":{"line":43,"column":4},"end":{"line":47,"column":null}},"type":"if","locations":[{"start":{"line":43,"column":4},"end":{"line":47,"column":null}},{"start":{},"end":{}}],"line":43},"4":{"loc":{"start":{"line":49,"column":4},"end":{"line":53,"column":null}},"type":"if","locations":[{"start":{"line":49,"column":4},"end":{"line":53,"column":null}},{"start":{},"end":{}}],"line":49},"5":{"loc":{"start":{"line":59,"column":23},"end":{"line":59,"column":50}},"type":"binary-expr","locations":[{"start":{"line":59,"column":23},"end":{"line":59,"column":31}},{"start":{"line":59,"column":35},"end":{"line":59,"column":50}}],"line":59},"6":{"loc":{"start":{"line":60,"column":6},"end":{"line":73,"column":null}},"type":"if","locations":[{"start":{"line":60,"column":6},"end":{"line":73,"column":null}},{"start":{"line":62,"column":13},"end":{"line":73,"column":null}}],"line":60},"7":{"loc":{"start":{"line":62,"column":13},"end":{"line":73,"column":null}},"type":"if","locations":[{"start":{"line":62,"column":13},"end":{"line":73,"column":null}},{"start":{"line":68,"column":13},"end":{"line":73,"column":null}}],"line":62},"8":{"loc":{"start":{"line":63,"column":8},"end":{"line":65,"column":null}},"type":"binary-expr","locations":[{"start":{"line":63,"column":8},"end":{"line":63,"column":null}},{"start":{"line":64,"column":8},"end":{"line":64,"column":null}},{"start":{"line":65,"column":8},"end":{"line":65,"column":null}}],"line":63},"9":{"loc":{"start":{"line":68,"column":13},"end":{"line":73,"column":null}},"type":"if","locations":[{"start":{"line":68,"column":13},"end":{"line":73,"column":null}},{"start":{"line":70,"column":13},"end":{"line":73,"column":null}}],"line":68},"10":{"loc":{"start":{"line":75,"column":15},"end":{"line":75,"column":null}},"type":"binary-expr","locations":[{"start":{"line":75,"column":15},"end":{"line":75,"column":28}},{"start":{"line":75,"column":32},"end":{"line":75,"column":null}}],"line":75},"11":{"loc":{"start":{"line":93,"column":13},"end":{"line":104,"column":null}},"type":"binary-expr","locations":[{"start":{"line":93,"column":13},"end":{"line":93,"column":null}},{"start":{"line":93,"column":13},"end":{"line":104,"column":null}}],"line":93},"12":{"loc":{"start":{"line":152,"column":17},"end":{"line":168,"column":null}},"type":"cond-expr","locations":[{"start":{"line":152,"column":17},"end":{"line":167,"column":null}},{"start":{"line":167,"column":18},"end":{"line":168,"column":null}}],"line":152},"13":{"loc":{"start":{"line":204,"column":7},"end":{"line":205,"column":null}},"type":"binary-expr","locations":[{"start":{"line":204,"column":7},"end":{"line":204,"column":null}},{"start":{"line":204,"column":7},"end":{"line":205,"column":null}}],"line":204},"14":{"loc":{"start":{"line":209,"column":7},"end":{"line":216,"column":null}},"type":"binary-expr","locations":[{"start":{"line":209,"column":7},"end":{"line":209,"column":null}},{"start":{"line":209,"column":7},"end":{"line":216,"column":null}}],"line":209}},"s":{"0":1,"1":89,"2":89,"3":89,"4":89,"5":89,"6":89,"7":89,"8":89,"9":10,"10":0,"11":89,"12":73,"13":73,"14":73,"15":73,"16":1,"17":89,"18":5,"19":5,"20":5,"21":5,"22":2,"23":2,"24":2,"25":3,"26":1,"27":1,"28":1,"29":2,"30":2,"31":1,"32":5,"33":0,"34":1,"35":0,"36":1,"37":0,"38":1,"39":0,"40":1,"41":89,"42":0,"43":0,"44":0,"45":0,"46":0},"f":{"0":89,"1":10,"2":73,"3":73,"4":5,"5":0,"6":0,"7":0,"8":0,"9":0},"b":{"0":[0,10],"1":[10,0],"2":[1,72],"3":[2,3],"4":[1,2],"5":[1,0],"6":[0,1],"7":[0,1],"8":[1,1,1],"9":[0,1],"10":[0,0],"11":[89,3],"12":[2,87],"13":[89,0],"14":[89,0]},"meta":{"lastBranch":15,"lastFunction":10,"lastStatement":47,"seen":{"s:7:14:221:Infinity":0,"f:7:14:7:Infinity":0,"s:8:8:8:Infinity":1,"s:9:56:9:Infinity":2,"s:11:31:14:Infinity":3,"s:15:29:15:Infinity":4,"s:16:25:16:Infinity":5,"s:17:51:17:Infinity":6,"s:18:51:18:Infinity":7,"s:21:2:25:Infinity":8,"f:21:12:21:Infinity":1,"b:22:4:24:Infinity:undefined:undefined:undefined:undefined":0,"s:22:4:24:Infinity":9,"b:22:8:22:27:22:27:22:41":1,"s:23:6:23:Infinity":10,"s:27:23:35:Infinity":11,"f:27:23:27:24":2,"s:28:28:28:36":12,"s:29:4:32:Infinity":13,"f:29:16:29:17":3,"s:29:27:32:Infinity":14,"b:34:4:34:Infinity:undefined:undefined:undefined:undefined":2,"s:34:4:34:Infinity":15,"s:34:15:34:Infinity":16,"s:37:23:79:Infinity":17,"f:37:23:37:30":4,"s:38:4:38:Infinity":18,"s:39:4:39:Infinity":19,"s:40:4:40:Infinity":20,"b:43:4:47:Infinity:undefined:undefined:undefined:undefined":3,"s:43:4:47:Infinity":21,"s:44:6:44:Infinity":22,"s:45:6:45:Infinity":23,"s:46:6:46:Infinity":24,"b:49:4:53:Infinity:undefined:undefined:undefined:undefined":4,"s:49:4:53:Infinity":25,"s:50:6:50:Infinity":26,"s:51:6:51:Infinity":27,"s:52:6:52:Infinity":28,"s:55:4:78:Infinity":29,"s:56:19:56:Infinity":30,"s:59:23:59:50":31,"b:59:23:59:31:59:35:59:50":5,"b:60:6:73:Infinity:62:13:73:Infinity":6,"s:60:6:73:Infinity":32,"s:61:8:61:Infinity":33,"b:62:13:73:Infinity:68:13:73:Infinity":7,"s:62:13:73:Infinity":34,"b:63:8:63:Infinity:64:8:64:Infinity:65:8:65:Infinity":8,"s:67:8:67:Infinity":35,"b:68:13:73:Infinity:70:13:73:Infinity":9,"s:68:13:73:Infinity":36,"s:69:8:69:Infinity":37,"s:72:8:72:Infinity":38,"s:75:6:75:Infinity":39,"b:75:15:75:28:75:32:75:Infinity":10,"s:77:6:77:Infinity":40,"s:81:2:216:Infinity":41,"b:93:13:93:Infinity:93:13:104:Infinity":11,"f:103:27:103:33":5,"s:103:33:103:Infinity":42,"b:152:17:167:Infinity:167:18:168:Infinity":12,"f:185:25:185:31":6,"s:185:31:185:Infinity":43,"b:204:7:204:Infinity:204:7:205:Infinity":13,"f:205:32:205:38":7,"s:205:38:205:Infinity":44,"b:209:7:209:Infinity:209:7:216:Infinity":14,"f:211:19:211:25":8,"s:211:25:211:Infinity":45,"f:212:21:212:Infinity":9,"s:213:12:213:Infinity":46}}}
,"C:\\Users\\Sanch\\OneDrive\\Documents\\GitHub\\Proyecto-Software-2025\\Comedor\\client\\src\\styles\\ChangePassword.css": {"path":"C:\\Users\\Sanch\\OneDrive\\Documents\\GitHub\\Proyecto-Software-2025\\Comedor\\client\\src\\styles\\ChangePassword.css","statementMap":{},"fnMap":{},"branchMap":{},"s":{},"f":{},"b":{},"meta":{"lastBranch":0,"lastFunction":0,"lastStatement":0,"seen":{}}}
,"C:\\Users\\Sanch\\OneDrive\\Documents\\GitHub\\Proyecto-Software-2025\\Comedor\\client\\src\\styles\\ForgotPassword.css": {"path":"C:\\Users\\Sanch\\OneDrive\\Documents\\GitHub\\Proyecto-Software-2025\\Comedor\\client\\src\\styles\\ForgotPassword.css","statementMap":{},"fnMap":{},"branchMap":{},"s":{},"f":{},"b":{},"meta":{"lastBranch":0,"lastFunction":0,"lastStatement":0,"seen":{}}}
}
